This is pdfTeX, Version 3.141592653-2.6-1.40.24 (TeX Live 2022) (preloaded format=pdflatex 2023.1.18)  27 JAN 2023 13:54
entering extended mode
 restricted \write18 enabled.
 file:line:error style messages enabled.
 %&-line parsing enabled.
**/Users/eaperkowski/git/compile_dissertation/Perkowski_dissertation_main_v1.0.tex
(/Users/eaperkowski/git/compile_dissertation/Perkowski_dissertation_main_v1.0.tex
LaTeX2e <2021-11-15> patch level 1
L3 programming layer <2022-02-24> (./ttuthes2007.cls
Document Class: ttuthes2007 2007/6/23 1.2 LaTeX document class.
(/usr/local/texlive/2022/texmf-dist/tex/latex/base/book.cls
Document Class: book 2021/10/04 v1.4n Standard LaTeX document class
(/usr/local/texlive/2022/texmf-dist/tex/latex/base/bk12.clo
File: bk12.clo 2021/10/04 v1.4n Standard LaTeX file (size option)
)
\c@part=\count185
\c@chapter=\count186
\c@section=\count187
\c@subsection=\count188
\c@subsubsection=\count189
\c@paragraph=\count190
\c@subparagraph=\count191
\c@figure=\count192
\c@table=\count193
\abovecaptionskip=\skip47
\belowcaptionskip=\skip48
\bibindent=\dimen138
) (/usr/local/texlive/2022/texmf-dist/tex/latex/setspace/setspace.sty
Package: setspace 2011/12/19 v6.7a set line spacing
) (/usr/local/texlive/2022/texmf-dist/tex/latex/fancyhdr/fancyhdr.sty
Package: fancyhdr 2021/01/28 v4.0.1 Extensive control of page headers and footers
\f@nch@headwidth=\skip49
\f@nch@O@elh=\skip50
\f@nch@O@erh=\skip51
\f@nch@O@olh=\skip52
\f@nch@O@orh=\skip53
\f@nch@O@elf=\skip54
\f@nch@O@erf=\skip55
\f@nch@O@olf=\skip56
\f@nch@O@orf=\skip57
) (/usr/local/texlive/2022/texmf-dist/tex/latex/chicago/chicago.sty
Using Chicago Manual of Style bibliography: 31 August 1992
\bibhang=\skip58
\bibindent=\dimen139
)) (/usr/local/texlive/2022/texmf-dist/tex/latex/amsmath/amsmath.sty
Package: amsmath 2021/10/15 v2.17l AMS math features
\@mathmargin=\skip59

For additional information on amsmath, use the `?' option.
(/usr/local/texlive/2022/texmf-dist/tex/latex/amsmath/amstext.sty
Package: amstext 2021/08/26 v2.01 AMS text
 (/usr/local/texlive/2022/texmf-dist/tex/latex/amsmath/amsgen.sty
File: amsgen.sty 1999/11/30 v2.0 generic functions
\@emptytoks=\toks16
\ex@=\dimen140
)) (/usr/local/texlive/2022/texmf-dist/tex/latex/amsmath/amsbsy.sty
Package: amsbsy 1999/11/29 v1.2d Bold Symbols
\pmbraise@=\dimen141
) (/usr/local/texlive/2022/texmf-dist/tex/latex/amsmath/amsopn.sty
Package: amsopn 2021/08/26 v2.02 operator names
)
\inf@bad=\count194
LaTeX Info: Redefining \frac on input line 234.
\uproot@=\count195
\leftroot@=\count196
LaTeX Info: Redefining \overline on input line 399.
\classnum@=\count197
\DOTSCASE@=\count198
LaTeX Info: Redefining \ldots on input line 496.
LaTeX Info: Redefining \dots on input line 499.
LaTeX Info: Redefining \cdots on input line 620.
\Mathstrutbox@=\box50
\strutbox@=\box51
\big@size=\dimen142
LaTeX Font Info:    Redeclaring font encoding OML on input line 743.
LaTeX Font Info:    Redeclaring font encoding OMS on input line 744.
\macc@depth=\count199
\c@MaxMatrixCols=\count266
\dotsspace@=\muskip16
\c@parentequation=\count267
\dspbrk@lvl=\count268
\tag@help=\toks17
\row@=\count269
\column@=\count270
\maxfields@=\count271
\andhelp@=\toks18
\eqnshift@=\dimen143
\alignsep@=\dimen144
\tagshift@=\dimen145
\tagwidth@=\dimen146
\totwidth@=\dimen147
\lineht@=\dimen148
\@envbody=\toks19
\multlinegap=\skip60
\multlinetaggap=\skip61
\mathdisplay@stack=\toks20
LaTeX Info: Redefining \[ on input line 2938.
LaTeX Info: Redefining \] on input line 2939.
) (/usr/local/texlive/2022/texmf-dist/tex/latex/graphics/graphicx.sty
Package: graphicx 2021/09/16 v1.2d Enhanced LaTeX Graphics (DPC,SPQR)
 (/usr/local/texlive/2022/texmf-dist/tex/latex/graphics/keyval.sty
Package: keyval 2014/10/28 v1.15 key=value parser (DPC)
\KV@toks@=\toks21
) (/usr/local/texlive/2022/texmf-dist/tex/latex/graphics/graphics.sty
Package: graphics 2021/03/04 v1.4d Standard LaTeX Graphics (DPC,SPQR)
 (/usr/local/texlive/2022/texmf-dist/tex/latex/graphics/trig.sty
Package: trig 2021/08/11 v1.11 sin cos tan (DPC)
) (/usr/local/texlive/2022/texmf-dist/tex/latex/graphics-cfg/graphics.cfg
File: graphics.cfg 2016/06/04 v1.11 sample graphics configuration
)
Package graphics Info: Driver file: pdftex.def on input line 107.
 (/usr/local/texlive/2022/texmf-dist/tex/latex/graphics-def/pdftex.def
File: pdftex.def 2020/10/05 v1.2a Graphics/color driver for pdftex
))
\Gin@req@height=\dimen149
\Gin@req@width=\dimen150
) (/usr/local/texlive/2022/texmf-dist/tex/latex/tools/bm.sty
Package: bm 2021/04/25 v1.2e Bold Symbol Support (DPC/FMi)
\symboldoperators=\mathgroup4
\symboldletters=\mathgroup5
\symboldsymbols=\mathgroup6
Package bm Info: No bold for \OMX/cmex/m/n, using \pmb.
LaTeX Font Info:    Redeclaring math alphabet \mathbf on input line 149.
) (/usr/local/texlive/2022/texmf-dist/tex/latex/mathtools/mathtools.sty
Package: mathtools 2022/02/07 v1.28a mathematical typesetting tools
 (/usr/local/texlive/2022/texmf-dist/tex/latex/tools/calc.sty
Package: calc 2017/05/25 v4.3 Infix arithmetic (KKT,FJ)
\calc@Acount=\count272
\calc@Bcount=\count273
\calc@Adimen=\dimen151
\calc@Bdimen=\dimen152
\calc@Askip=\skip62
\calc@Bskip=\skip63
LaTeX Info: Redefining \setlength on input line 80.
LaTeX Info: Redefining \addtolength on input line 81.
\calc@Ccount=\count274
\calc@Cskip=\skip64
) (/usr/local/texlive/2022/texmf-dist/tex/latex/mathtools/mhsetup.sty
Package: mhsetup 2021/03/18 v1.4 programming setup (MH)
)
\g_MT_multlinerow_int=\count275
\l_MT_multwidth_dim=\dimen153
\origjot=\skip65
\l_MT_shortvdotswithinadjustabove_dim=\dimen154
\l_MT_shortvdotswithinadjustbelow_dim=\dimen155
\l_MT_above_intertext_sep=\dimen156
\l_MT_below_intertext_sep=\dimen157
\l_MT_above_shortintertext_sep=\dimen158
\l_MT_below_shortintertext_sep=\dimen159
\xmathstrut@box=\box52
\xmathstrut@dim=\dimen160
) (/usr/local/texlive/2022/texmf-dist/tex/latex/base/inputenc.sty
Package: inputenc 2021/02/14 v1.3d Input encoding file
\inpenc@prehook=\toks22
\inpenc@posthook=\toks23
) (/usr/local/texlive/2022/texmf-dist/tex/latex/base/fontenc.sty
Package: fontenc 2021/04/29 v2.0v Standard LaTeX package
) (/usr/local/texlive/2022/texmf-dist/tex/latex/lm/lmodern.sty
Package: lmodern 2015/05/01 v1.6.1 Latin Modern Fonts
LaTeX Font Info:    Overwriting symbol font `operators' in version `normal'
(Font)                  OT1/cmr/m/n --> OT1/lmr/m/n on input line 22.
LaTeX Font Info:    Overwriting symbol font `letters' in version `normal'
(Font)                  OML/cmm/m/it --> OML/lmm/m/it on input line 23.
LaTeX Font Info:    Overwriting symbol font `symbols' in version `normal'
(Font)                  OMS/cmsy/m/n --> OMS/lmsy/m/n on input line 24.
LaTeX Font Info:    Overwriting symbol font `largesymbols' in version `normal'
(Font)                  OMX/cmex/m/n --> OMX/lmex/m/n on input line 25.
LaTeX Font Info:    Overwriting symbol font `operators' in version `bold'
(Font)                  OT1/cmr/bx/n --> OT1/lmr/bx/n on input line 26.
LaTeX Font Info:    Overwriting symbol font `letters' in version `bold'
(Font)                  OML/cmm/b/it --> OML/lmm/b/it on input line 27.
LaTeX Font Info:    Overwriting symbol font `symbols' in version `bold'
(Font)                  OMS/cmsy/b/n --> OMS/lmsy/b/n on input line 28.
LaTeX Font Info:    Overwriting symbol font `largesymbols' in version `bold'
(Font)                  OMX/cmex/m/n --> OMX/lmex/m/n on input line 29.
LaTeX Font Info:    Overwriting math alphabet `\mathbf' in version `normal'
(Font)                  OT1/cmr/bx/n --> OT1/lmr/bx/n on input line 31.
LaTeX Font Info:    Overwriting math alphabet `\mathsf' in version `normal'
(Font)                  OT1/cmss/m/n --> OT1/lmss/m/n on input line 32.
LaTeX Font Info:    Overwriting math alphabet `\mathit' in version `normal'
(Font)                  OT1/cmr/m/it --> OT1/lmr/m/it on input line 33.
LaTeX Font Info:    Overwriting math alphabet `\mathtt' in version `normal'
(Font)                  OT1/cmtt/m/n --> OT1/lmtt/m/n on input line 34.
LaTeX Font Info:    Overwriting math alphabet `\mathbf' in version `bold'
(Font)                  OT1/cmr/bx/n --> OT1/lmr/bx/n on input line 35.
LaTeX Font Info:    Overwriting math alphabet `\mathsf' in version `bold'
(Font)                  OT1/cmss/bx/n --> OT1/lmss/bx/n on input line 36.
LaTeX Font Info:    Overwriting math alphabet `\mathit' in version `bold'
(Font)                  OT1/cmr/bx/it --> OT1/lmr/bx/it on input line 37.
LaTeX Font Info:    Overwriting math alphabet `\mathtt' in version `bold'
(Font)                  OT1/cmtt/m/n --> OT1/lmtt/m/n on input line 38.
) (/usr/local/texlive/2022/texmf-dist/tex/latex/caption/caption.sty
Package: caption 2022/03/01 v3.6b Customizing captions (AR)
 (/usr/local/texlive/2022/texmf-dist/tex/latex/caption/caption3.sty
Package: caption3 2022/03/17 v2.3b caption3 kernel (AR)
\caption@tempdima=\dimen161
\captionmargin=\dimen162
\caption@leftmargin=\dimen163
\caption@rightmargin=\dimen164
\caption@width=\dimen165
\caption@indent=\dimen166
\caption@parindent=\dimen167
\caption@hangindent=\dimen168
Package caption Info: Standard document class detected.
)
\c@caption@flags=\count276
\c@continuedfloat=\count277
) (/usr/local/texlive/2022/texmf-dist/tex/latex/multirow/multirow.sty
Package: multirow 2021/03/15 v2.8 Span multiple rows of a table
\multirow@colwidth=\skip66
\multirow@cntb=\count278
\multirow@dima=\skip67
\bigstrutjot=\dimen169
) (/usr/local/texlive/2022/texmf-dist/tex/latex/base/textcomp.sty
Package: textcomp 2020/02/02 v2.0n Standard LaTeX package
) (/usr/local/texlive/2022/texmf-dist/tex/latex/hyperref/hyperref.sty
Package: hyperref 2022-02-21 v7.00n Hypertext links for LaTeX
 (/usr/local/texlive/2022/texmf-dist/tex/generic/ltxcmds/ltxcmds.sty
Package: ltxcmds 2020-05-10 v1.25 LaTeX kernel commands for general use (HO)
) (/usr/local/texlive/2022/texmf-dist/tex/generic/iftex/iftex.sty
Package: iftex 2022/02/03 v1.0f TeX engine tests
) (/usr/local/texlive/2022/texmf-dist/tex/generic/pdftexcmds/pdftexcmds.sty
Package: pdftexcmds 2020-06-27 v0.33 Utility functions of pdfTeX for LuaTeX (HO)
 (/usr/local/texlive/2022/texmf-dist/tex/generic/infwarerr/infwarerr.sty
Package: infwarerr 2019/12/03 v1.5 Providing info/warning/error messages (HO)
)
Package pdftexcmds Info: \pdf@primitive is available.
Package pdftexcmds Info: \pdf@ifprimitive is available.
Package pdftexcmds Info: \pdfdraftmode found.
) (/usr/local/texlive/2022/texmf-dist/tex/generic/kvsetkeys/kvsetkeys.sty
Package: kvsetkeys 2019/12/15 v1.18 Key value parser (HO)
) (/usr/local/texlive/2022/texmf-dist/tex/generic/kvdefinekeys/kvdefinekeys.sty
Package: kvdefinekeys 2019-12-19 v1.6 Define keys (HO)
) (/usr/local/texlive/2022/texmf-dist/tex/generic/pdfescape/pdfescape.sty
Package: pdfescape 2019/12/09 v1.15 Implements pdfTeX's escape features (HO)
) (/usr/local/texlive/2022/texmf-dist/tex/latex/hycolor/hycolor.sty
Package: hycolor 2020-01-27 v1.10 Color options for hyperref/bookmark (HO)
) (/usr/local/texlive/2022/texmf-dist/tex/latex/letltxmacro/letltxmacro.sty
Package: letltxmacro 2019/12/03 v1.6 Let assignment for LaTeX macros (HO)
) (/usr/local/texlive/2022/texmf-dist/tex/latex/auxhook/auxhook.sty
Package: auxhook 2019-12-17 v1.6 Hooks for auxiliary files (HO)
) (/usr/local/texlive/2022/texmf-dist/tex/latex/kvoptions/kvoptions.sty
Package: kvoptions 2020-10-07 v3.14 Key value format for package options (HO)
)
\@linkdim=\dimen170
\Hy@linkcounter=\count279
\Hy@pagecounter=\count280
 (/usr/local/texlive/2022/texmf-dist/tex/latex/hyperref/pd1enc.def
File: pd1enc.def 2022-02-21 v7.00n Hyperref: PDFDocEncoding definition (HO)
Now handling font encoding PD1 ...
... no UTF-8 mapping file for font encoding PD1
) (/usr/local/texlive/2022/texmf-dist/tex/generic/intcalc/intcalc.sty
Package: intcalc 2019/12/15 v1.3 Expandable calculations with integers (HO)
) (/usr/local/texlive/2022/texmf-dist/tex/generic/etexcmds/etexcmds.sty
Package: etexcmds 2019/12/15 v1.7 Avoid name clashes with e-TeX commands (HO)
)
\Hy@SavedSpaceFactor=\count281
 (/usr/local/texlive/2022/texmf-dist/tex/latex/hyperref/puenc.def
File: puenc.def 2022-02-21 v7.00n Hyperref: PDF Unicode definition (HO)
Now handling font encoding PU ...
... no UTF-8 mapping file for font encoding PU
)
Package hyperref Info: Option `colorlinks' set `true' on input line 4018.
Package hyperref Info: Hyper figures OFF on input line 4137.
Package hyperref Info: Link nesting OFF on input line 4142.
Package hyperref Info: Hyper index ON on input line 4145.
Package hyperref Info: Plain pages OFF on input line 4152.
Package hyperref Info: Backreferencing OFF on input line 4157.
Package hyperref Info: Implicit mode ON; LaTeX internals redefined.
Package hyperref Info: Bookmarks ON on input line 4390.
\c@Hy@tempcnt=\count282
 (/usr/local/texlive/2022/texmf-dist/tex/latex/url/url.sty
\Urlmuskip=\muskip17
Package: url 2013/09/16  ver 3.4  Verb mode for urls, etc.
)
LaTeX Info: Redefining \url on input line 4749.
\XeTeXLinkMargin=\dimen171
 (/usr/local/texlive/2022/texmf-dist/tex/generic/bitset/bitset.sty
Package: bitset 2019/12/09 v1.3 Handle bit-vector datatype (HO)
 (/usr/local/texlive/2022/texmf-dist/tex/generic/bigintcalc/bigintcalc.sty
Package: bigintcalc 2019/12/15 v1.5 Expandable calculations on big integers (HO)
))
\Fld@menulength=\count283
\Field@Width=\dimen172
\Fld@charsize=\dimen173
Package hyperref Info: Hyper figures OFF on input line 6027.
Package hyperref Info: Link nesting OFF on input line 6032.
Package hyperref Info: Hyper index ON on input line 6035.
Package hyperref Info: backreferencing OFF on input line 6042.
Package hyperref Info: Link coloring ON on input line 6045.
Package hyperref Info: Link coloring with OCG OFF on input line 6052.
Package hyperref Info: PDF/A mode OFF on input line 6057.
LaTeX Info: Redefining \ref on input line 6097.
LaTeX Info: Redefining \pageref on input line 6101.
 (/usr/local/texlive/2022/texmf-dist/tex/latex/base/atbegshi-ltx.sty
Package: atbegshi-ltx 2021/01/10 v1.0c Emulation of the original atbegshi
package with kernel methods
)
\Hy@abspage=\count284
\c@Item=\count285
\c@Hfootnote=\count286
)
Package hyperref Info: Driver (autodetected): hpdftex.
 (/usr/local/texlive/2022/texmf-dist/tex/latex/hyperref/hpdftex.def
File: hpdftex.def 2022-02-21 v7.00n Hyperref driver for pdfTeX
 (/usr/local/texlive/2022/texmf-dist/tex/latex/base/atveryend-ltx.sty
Package: atveryend-ltx 2020/08/19 v1.0a Emulation of the original atveryend package
with kernel methods
)
\Fld@listcount=\count287
\c@bookmark@seq@number=\count288
 (/usr/local/texlive/2022/texmf-dist/tex/latex/rerunfilecheck/rerunfilecheck.sty
Package: rerunfilecheck 2019/12/05 v1.9 Rerun checks for auxiliary files (HO)
 (/usr/local/texlive/2022/texmf-dist/tex/generic/uniquecounter/uniquecounter.sty
Package: uniquecounter 2019/12/15 v1.4 Provide unlimited unique counter (HO)
)
Package uniquecounter Info: New unique counter `rerunfilecheck' on input line 286.
)
\Hy@SectionHShift=\skip68
) (/usr/local/texlive/2022/texmf-dist/tex/latex/tools/afterpage.sty
Package: afterpage 2014/10/28 v1.08 After-Page Package (DPC)
\AP@output=\toks24
\AP@partial=\box53
\AP@footins=\box54
) (/usr/local/texlive/2022/texmf-dist/tex/latex/pdflscape/pdflscape.sty
Package: pdflscape 2019/12/05 v0.12 Display of landscape pages in PDF (HO)
 (/usr/local/texlive/2022/texmf-dist/tex/latex/graphics/lscape.sty
Package: lscape 2020/05/28 v3.02 Landscape Pages (DPC)
)
Package pdflscape Info: Auto-detected driver: pdftex on input line 81.
) (/usr/local/texlive/2022/texmf-dist/tex/latex/tools/hhline.sty
Package: hhline 2020/01/04 v2.04 Table rule package (DPC)
) (/usr/local/texlive/2022/texmf-dist/tex/latex/enumitem/enumitem.sty
Package: enumitem 2019/06/20 v3.9 Customized lists
\labelindent=\skip69
\enit@outerparindent=\dimen174
\enit@toks=\toks25
\enit@inbox=\box55
\enit@count@id=\count289
\enitdp@description=\count290
) (/usr/local/texlive/2022/texmf-dist/tex/latex/lineno/lineno.sty
Package: lineno 2005/11/02 line numbers on paragraphs v4.41
\linenopenalty=\count291
\output=\toks26
\linenoprevgraf=\count292
\linenumbersep=\dimen175
\linenumberwidth=\dimen176
\c@linenumber=\count293
\c@pagewiselinenumber=\count294
\c@LN@truepage=\count295
\c@internallinenumber=\count296
\c@internallinenumbers=\count297
\quotelinenumbersep=\dimen177
\bframerule=\dimen178
\bframesep=\dimen179
\bframebox=\box56
LaTeX Info: Redefining \\ on input line 3056.
) (/usr/local/texlive/2022/texmf-dist/tex/latex/blindtext/blindtext.sty
Package: blindtext 2012/01/06 V2.0 blindtext-Package
 (/usr/local/texlive/2022/texmf-dist/tex/latex/tools/xspace.sty
Package: xspace 2014/10/28 v1.13 Space after command names (DPC,MH)
)
\c@blindtext=\count298
\c@Blindtext=\count299
\c@blind@countparstart=\count300
\blind@countxx=\count301
\blindtext@numBlindtext=\count302
\blind@countyy=\count303
\c@blindlist=\count304
\c@blindlistlevel=\count305
\c@blindlist@level=\count306
\blind@listitem=\count307
\c@blind@listcount=\count308
\c@blind@levelcount=\count309
\blind@mathformula=\count310
\blind@Mathformula=\count311
\c@blind@randomcount=\count312
\c@blind@randommax=\count313
\c@blind@pangramcount=\count314
\c@blind@pangrammax=\count315
) (/usr/local/texlive/2022/texmf-dist/tex/latex/csvsimple/csvsimple.sty (/usr/local/texlive/2022/texmf-dist/tex/latex/l3packages/l3keys2e/l3keys2e.sty (/usr/local/texlive/2022/texmf-dist/tex/latex/l3kernel/expl3.sty
Package: expl3 2022-02-24 L3 programming layer (loader) 
 (/usr/local/texlive/2022/texmf-dist/tex/latex/l3backend/l3backend-pdftex.def
File: l3backend-pdftex.def 2022-02-07 L3 backend support: PDF output (pdfTeX)
\l__color_backend_stack_int=\count316
\l__pdf_internal_box=\box57
))
Package: l3keys2e 2022-01-12 LaTeX2e option processing using LaTeX3 keys
)
Package: csvsimple 2022/02/01 v2.3.0 LaTeX CSV file processing
) (/usr/local/texlive/2022/texmf-dist/tex/latex/csvsimple/csvsimple-legacy.sty
Package: csvsimple-legacy 2022/02/01 version 2.3.0 LaTeX2e CSV file processing
 (/usr/local/texlive/2022/texmf-dist/tex/latex/pgf/utilities/pgfrcs.sty (/usr/local/texlive/2022/texmf-dist/tex/generic/pgf/utilities/pgfutil-common.tex
\pgfutil@everybye=\toks27
\pgfutil@tempdima=\dimen180
\pgfutil@tempdimb=\dimen181
 (/usr/local/texlive/2022/texmf-dist/tex/generic/pgf/utilities/pgfutil-common-lists.tex)) (/usr/local/texlive/2022/texmf-dist/tex/generic/pgf/utilities/pgfutil-latex.def
\pgfutil@abb=\box58
) (/usr/local/texlive/2022/texmf-dist/tex/generic/pgf/utilities/pgfrcs.code.tex (/usr/local/texlive/2022/texmf-dist/tex/generic/pgf/pgf.revision.tex)
Package: pgfrcs 2021/05/15 v3.1.9a (3.1.9a)
)) (/usr/local/texlive/2022/texmf-dist/tex/latex/pgf/utilities/pgfkeys.sty (/usr/local/texlive/2022/texmf-dist/tex/generic/pgf/utilities/pgfkeys.code.tex
\pgfkeys@pathtoks=\toks28
\pgfkeys@temptoks=\toks29
 (/usr/local/texlive/2022/texmf-dist/tex/generic/pgf/utilities/pgfkeysfiltered.code.tex
\pgfkeys@tmptoks=\toks30
))) (/usr/local/texlive/2022/texmf-dist/tex/latex/base/ifthen.sty
Package: ifthen 2020/11/24 v1.1c Standard LaTeX ifthen package (DPC)
) (/usr/local/texlive/2022/texmf-dist/tex/latex/etoolbox/etoolbox.sty
Package: etoolbox 2020/10/05 v2.5k e-TeX tools for LaTeX (JAW)
\etb@tempcnta=\count317
) (/usr/local/texlive/2022/texmf-dist/tex/latex/tools/shellesc.sty
Package: shellesc 2019/11/08 v1.0c unified shell escape interface for LaTeX
Package shellesc Info: Restricted shell escape enabled on input line 77.
)
\csv@file=\read2
\c@csvinputline=\count318
\c@csvrow=\count319
\c@csvcol=\count320
\csv@out=\write3
) (/usr/local/texlive/2022/texmf-dist/tex/latex/docmute/docmute.sty
Package: docmute 2012/03/22 v1.4 Input stand-alone documents
)
LaTeX Font Info:    Trying to load font information for T1+lmr on input line 73.
 (/usr/local/texlive/2022/texmf-dist/tex/latex/lm/t1lmr.fd
File: t1lmr.fd 2015/05/01 v1.6.1 Font defs for Latin Modern
) (./Perkowski_dissertation_main_v1.0.aux (./ch4_TXeco/ch4_TXeco_main.aux))
\openout1 = `Perkowski_dissertation_main_v1.0.aux'.

LaTeX Font Info:    Checking defaults for OML/cmm/m/it on input line 73.
LaTeX Font Info:    ... okay on input line 73.
LaTeX Font Info:    Checking defaults for OMS/cmsy/m/n on input line 73.
LaTeX Font Info:    ... okay on input line 73.
LaTeX Font Info:    Checking defaults for OT1/cmr/m/n on input line 73.
LaTeX Font Info:    ... okay on input line 73.
LaTeX Font Info:    Checking defaults for T1/cmr/m/n on input line 73.
LaTeX Font Info:    ... okay on input line 73.
LaTeX Font Info:    Checking defaults for TS1/cmr/m/n on input line 73.
LaTeX Font Info:    ... okay on input line 73.
LaTeX Font Info:    Checking defaults for OMX/cmex/m/n on input line 73.
LaTeX Font Info:    ... okay on input line 73.
LaTeX Font Info:    Checking defaults for U/cmr/m/n on input line 73.
LaTeX Font Info:    ... okay on input line 73.
LaTeX Font Info:    Checking defaults for PD1/pdf/m/n on input line 73.
LaTeX Font Info:    ... okay on input line 73.
LaTeX Font Info:    Checking defaults for PU/pdf/m/n on input line 73.
LaTeX Font Info:    ... okay on input line 73.
 (/usr/local/texlive/2022/texmf-dist/tex/context/base/mkii/supp-pdf.mkii
[Loading MPS to PDF converter (version 2006.09.02).]
\scratchcounter=\count321
\scratchdimen=\dimen182
\scratchbox=\box59
\nofMPsegments=\count322
\nofMParguments=\count323
\everyMPshowfont=\toks31
\MPscratchCnt=\count324
\MPscratchDim=\dimen183
\MPnumerator=\count325
\makeMPintoPDFobject=\count326
\everyMPtoPDFconversion=\toks32
) (/usr/local/texlive/2022/texmf-dist/tex/latex/epstopdf-pkg/epstopdf-base.sty
Package: epstopdf-base 2020-01-24 v2.11 Base part for package epstopdf
Package epstopdf-base Info: Redefining graphics rule for `.eps' on input line 485.
 (/usr/local/texlive/2022/texmf-dist/tex/latex/latexconfig/epstopdf-sys.cfg
File: epstopdf-sys.cfg 2010/07/13 v1.3 Configuration of (r)epstopdf for TeX Live
))
Package caption Info: Begin \AtBeginDocument code.
Package caption Info: hyperref package is loaded.
Package caption Info: End \AtBeginDocument code.
 (/usr/local/texlive/2022/texmf-dist/tex/latex/graphics/color.sty
Package: color 2021/12/07 v1.3c Standard LaTeX Color (DPC)
 (/usr/local/texlive/2022/texmf-dist/tex/latex/graphics-cfg/color.cfg
File: color.cfg 2016/01/02 v1.6 sample color configuration
)
Package color Info: Driver file: pdftex.def on input line 149.
)
Package hyperref Info: Link coloring ON on input line 73.
 (/usr/local/texlive/2022/texmf-dist/tex/latex/hyperref/nameref.sty
Package: nameref 2021-04-02 v2.47 Cross-referencing by name of section
 (/usr/local/texlive/2022/texmf-dist/tex/latex/refcount/refcount.sty
Package: refcount 2019/12/15 v3.6 Data extraction from label references (HO)
) (/usr/local/texlive/2022/texmf-dist/tex/generic/gettitlestring/gettitlestring.sty
Package: gettitlestring 2019/12/15 v1.6 Cleanup title references (HO)
)
\c@section@level=\count327
)
LaTeX Info: Redefining \ref on input line 73.
LaTeX Info: Redefining \pageref on input line 73.
LaTeX Info: Redefining \nameref on input line 73.
 (./Perkowski_dissertation_main_v1.0.out) (./Perkowski_dissertation_main_v1.0.out)
\@outlinefile=\write4
\openout4 = `Perkowski_dissertation_main_v1.0.out'.

\docmute@nestinglevel=\count328

Overfull \vbox (8.88918pt too high) detected at line 111
 []

[1


{/usr/local/texlive/2022/texmf-var/fonts/map/pdftex/updmap/pdftex.map}]
pdfTeX warning (ext4): destination with the same identifier (name{page.1}) has been already used, duplicate ignored
<to be read again> 
                   \relax 
l.139 \frontmatter
                   [1] [2


] (./Perkowski_dissertation_main_v1.0.toc
LaTeX Font Info:    Trying to load font information for OT1+lmr on input line 1.
 (/usr/local/texlive/2022/texmf-dist/tex/latex/lm/ot1lmr.fd
File: ot1lmr.fd 2015/05/01 v1.6.1 Font defs for Latin Modern
)
LaTeX Font Info:    Trying to load font information for OML+lmm on input line 1.
 (/usr/local/texlive/2022/texmf-dist/tex/latex/lm/omllmm.fd
File: omllmm.fd 2015/05/01 v1.6.1 Font defs for Latin Modern
)
LaTeX Font Info:    Trying to load font information for OMS+lmsy on input line 1.
 (/usr/local/texlive/2022/texmf-dist/tex/latex/lm/omslmsy.fd
File: omslmsy.fd 2015/05/01 v1.6.1 Font defs for Latin Modern
)
LaTeX Font Info:    Trying to load font information for OMX+lmex on input line 1.
 (/usr/local/texlive/2022/texmf-dist/tex/latex/lm/omxlmex.fd
File: omxlmex.fd 2015/05/01 v1.6.1 Font defs for Latin Modern
)
LaTeX Font Info:    External font `lmex10' loaded for size
(Font)              <12> on input line 1.
LaTeX Font Info:    External font `lmex10' loaded for size
(Font)              <8> on input line 1.
LaTeX Font Info:    External font `lmex10' loaded for size
(Font)              <6> on input line 1.
 [3

] [4]
Overfull \hbox (2.27718pt too wide) in paragraph at lines 66--66
 [][] [][]\T1/lmr/m/n/12 5. \T1/lmr/bx/n/12 Op-ti-mal re-source in-vest-ment to pho-to-syn-thetic ca-pac-ity max- 
 []

[5])
\tf@toc=\write5
\openout5 = `Perkowski_dissertation_main_v1.0.toc'.

 [6] [7

] (./Perkowski_dissertation_main_v1.0.lot
LaTeX Font Info:    External font `lmex10' loaded for size
(Font)              <5> on input line 2.
LaTeX Font Info:    Trying to load font information for TS1+lmr on input line 8.
 (/usr/local/texlive/2022/texmf-dist/tex/latex/lm/ts1lmr.fd
File: ts1lmr.fd 2015/05/01 v1.6.1 Font defs for Latin Modern
) [8

])
\tf@lot=\write6
\openout6 = `Perkowski_dissertation_main_v1.0.lot'.

 [9] (./Perkowski_dissertation_main_v1.0.lof [10

])
\tf@lof=\write7
\openout7 = `Perkowski_dissertation_main_v1.0.lof'.

 [11] [12] (./ch1_intro/ch1_intro_main.tex
Chapter 1.

pdfTeX warning (ext4): destination with the same identifier (name{page.1}) has been already used, duplicate ignored
<to be read again> 
                   \relax 
l.8 
     [1


] [2] [3] [4] [5] [6]) (./ch2_LxN_Greenhouse/ch2_LxN_main.tex [7]
Chapter 2.
[8

] [9] [10] [11] [12] [13] [14] [15] [16] [17

]
<ch2_LxN_Greenhouse/figs/fig1_ncost.png, id=1072, 9636.0pt x 4215.75pt>
File: ch2_LxN_Greenhouse/figs/fig1_ncost.png Graphic file (type png)
<use ch2_LxN_Greenhouse/figs/fig1_ncost.png>
Package pdftex.def Info: ch2_LxN_Greenhouse/figs/fig1_ncost.png  used on input line 134.
(pdftex.def)             Requested size: 587.83926pt x 257.17967pt.
 [18 <./ch2_LxN_Greenhouse/figs/fig1_ncost.png>] [19





]
<ch2_LxN_Greenhouse/figs/fig2_nacq.png, id=1090, 9636.0pt x 4215.75pt>
File: ch2_LxN_Greenhouse/figs/fig2_nacq.png Graphic file (type png)
<use ch2_LxN_Greenhouse/figs/fig2_nacq.png>
Package pdftex.def Info: ch2_LxN_Greenhouse/figs/fig2_nacq.png  used on input line 152.
(pdftex.def)             Requested size: 587.83926pt x 257.17967pt.
 [20 <./ch2_LxN_Greenhouse/figs/fig2_nacq.png>] [21



]
<ch2_LxN_Greenhouse/figs/fig3_rootCarbon.png, id=1119, 9636.0pt x 4215.75pt>
File: ch2_LxN_Greenhouse/figs/fig3_rootCarbon.png Graphic file (type png)
<use ch2_LxN_Greenhouse/figs/fig3_rootCarbon.png>
Package pdftex.def Info: ch2_LxN_Greenhouse/figs/fig3_rootCarbon.png  used on input line 171.
(pdftex.def)             Requested size: 587.83926pt x 257.17967pt.


LaTeX Warning: Float too large for page by 11.12717pt on input line 176.

[22 <./ch2_LxN_Greenhouse/figs/fig3_rootCarbon.png>] [23



] [24

] [25



]
<ch2_LxN_Greenhouse/figs/fig4_nodwgt.png, id=1156, 9636.0pt x 4215.75pt>
File: ch2_LxN_Greenhouse/figs/fig4_nodwgt.png Graphic file (type png)
<use ch2_LxN_Greenhouse/figs/fig4_nodwgt.png>
Package pdftex.def Info: ch2_LxN_Greenhouse/figs/fig4_nodwgt.png  used on input line 323.
(pdftex.def)             Requested size: 587.83926pt x 257.17967pt.
 [26 <./ch2_LxN_Greenhouse/figs/fig4_nodwgt.png>] [27





] [28] [29] [30] [31] [32] [33]) (./ch3_NxpH/ch3_NxpH_main.tex [34]
Chapter 3.
[35

] [36] [37] [38] [39] [40] [41]

Package hyperref Warning: Token not allowed in a PDF string (Unicode):
(hyperref)                removing `math shift' on input line 47.


Package hyperref Warning: Token not allowed in a PDF string (Unicode):
(hyperref)                removing `subscript' on input line 47.


Package hyperref Warning: Token not allowed in a PDF string (Unicode):
(hyperref)                removing `subscript' on input line 47.


Package hyperref Warning: Token not allowed in a PDF string (Unicode):
(hyperref)                removing `math shift' on input line 47.

[42] [43] [44] [45] [46] [47] [48] [49] [50] [51]

LaTeX Warning: No positions in optional float specifier.
               Default added (so using `tbp') on input line 145.

[52


]
<ch3_NxpH/figs/NxS_fig1_leafn.png, id=1584, 7227.0pt x 7227.0pt>
File: ch3_NxpH/figs/NxS_fig1_leafn.png Graphic file (type png)
<use ch3_NxpH/figs/NxS_fig1_leafn.png>
Package pdftex.def Info: ch3_NxpH/figs/NxS_fig1_leafn.png  used on input line 201.
(pdftex.def)             Requested size: 397.43109pt x 397.43109pt.
 [53 <./ch3_NxpH/figs/NxS_fig1_leafn.png>] [54



] [55


]
<ch3_NxpH/figs/NxS_fig2_leafbiochem.png, id=1615, 9636.0pt x 7227.0pt>
File: ch3_NxpH/figs/NxS_fig2_leafbiochem.png Graphic file (type png)
<use ch3_NxpH/figs/NxS_fig2_leafbiochem.png>
Package pdftex.def Info: ch3_NxpH/figs/NxS_fig2_leafbiochem.png  used on input line 324.
(pdftex.def)             Requested size: 415.55249pt x 311.63715pt.
 [56 <./ch3_NxpH/figs/NxS_fig2_leafbiochem.png>] [57



] [58


]
<ch3_NxpH/figs/NxS_fig3_leafn_allocation.png, id=1642, 542.025pt x 722.7pt>
File: ch3_NxpH/figs/NxS_fig3_leafn_allocation.png Graphic file (type png)
<use ch3_NxpH/figs/NxS_fig3_leafn_allocation.png>
Package pdftex.def Info: ch3_NxpH/figs/NxS_fig3_leafn_allocation.png  used on input line 422.
(pdftex.def)             Requested size: 325.2175pt x 433.62334pt.
 [59 <./ch3_NxpH/figs/NxS_fig3_leafn_allocation.png>] [60



] [61


]
<ch3_NxpH/figs/NxS_fig4_pnueiwue.png, id=1678, 8288.9675pt x 9572.76375pt>
File: ch3_NxpH/figs/NxS_fig4_pnueiwue.png Graphic file (type png)
<use ch3_NxpH/figs/NxS_fig4_pnueiwue.png>
Package pdftex.def Info: ch3_NxpH/figs/NxS_fig4_pnueiwue.png  used on input line 545.
(pdftex.def)             Requested size: 415.55249pt x 479.83478pt.
 [62 <./ch3_NxpH/figs/NxS_fig4_pnueiwue.png>] [63



] [64] [65] [66] [67] [68] [69]) [70]
\openout2 = `ch4_TXeco/ch4_TXeco_main.aux'.

 (./ch4_TXeco/ch4_TXeco_main.tex
Chapter 4.
[71


] [72] [73] [74] [75] [76] [77] [78] [79] [80] [81

]
<ch4_TXeco/figs/TXeco_fig1_site_map.png, id=2008, 12045.0pt x 4818.0pt>
File: ch4_TXeco/figs/TXeco_fig1_site_map.png Graphic file (type png)
<use ch4_TXeco/figs/TXeco_fig1_site_map.png>
Package pdftex.def Info: ch4_TXeco/figs/TXeco_fig1_site_map.png  used on input line 323.
(pdftex.def)             Requested size: 590.15504pt x 236.06201pt.
 [82 <./ch4_TXeco/figs/TXeco_fig1_site_map.png>]
Overfull \hbox (0.8893pt too wide) in paragraph at lines 331--332
\T1/lmr/m/n/12 I used the Parameter-elevation Re-gres-sions on In-de-pen-dent Slopes Model (PRISM)
 []

[83




] [84] [85] [86] [87] [88] [89] [90]
<ch4_TXeco/figs/TXeco_fig2_beta.png, id=2123, 7227.0pt x 2710.125pt>
File: ch4_TXeco/figs/TXeco_fig2_beta.png Graphic file (type png)
<use ch4_TXeco/figs/TXeco_fig2_beta.png>
Package pdftex.def Info: ch4_TXeco/figs/TXeco_fig2_beta.png  used on input line 449.
(pdftex.def)             Requested size: 542.00162pt x 203.25061pt.
 [91 <./ch4_TXeco/figs/TXeco_fig2_beta.png>]

Package hyperref Warning: Token not allowed in a PDF string (Unicode):
(hyperref)                removing `math shift' on input line 456.


Package hyperref Warning: Token not allowed in a PDF string (Unicode):
(hyperref)                removing `subscript' on input line 456.


Package hyperref Warning: Token not allowed in a PDF string (Unicode):
(hyperref)                removing `math shift' on input line 456.


Package hyperref Warning: Token not allowed in a PDF string (Unicode):
(hyperref)                removing `math shift' on input line 456.


Package hyperref Warning: Token not allowed in a PDF string (Unicode):
(hyperref)                removing `subscript' on input line 456.


Package hyperref Warning: Token not allowed in a PDF string (Unicode):
(hyperref)                removing `math shift' on input line 456.

[92




] [93]
<ch4_TXeco/figs/TXeco_fig3_chi.png, id=2145, 5907.06876pt x 5526.6475pt>
File: ch4_TXeco/figs/TXeco_fig3_chi.png Graphic file (type png)
<use ch4_TXeco/figs/TXeco_fig3_chi.png>
Package pdftex.def Info: ch4_TXeco/figs/TXeco_fig3_chi.png  used on input line 554.
(pdftex.def)             Requested size: 413.53706pt x 386.90486pt.
 [94 <./ch4_TXeco/figs/TXeco_fig3_chi.png>] [95


] [96] [97

]
<ch4_TXeco/figs/TXeco_fig4_narea.png, id=2187, 9636.0pt x 7227.0pt>
File: ch4_TXeco/figs/TXeco_fig4_narea.png Graphic file (type png)
<use ch4_TXeco/figs/TXeco_fig4_narea.png>
Package pdftex.def Info: ch4_TXeco/figs/TXeco_fig4_narea.png  used on input line 660.
(pdftex.def)             Requested size: 404.78276pt x 303.58707pt.
 [98 <./ch4_TXeco/figs/TXeco_fig4_narea.png>] [99



] [100]
<ch4_TXeco/figs/TXeco_fig5_SEM.png, id=2219, 1454.43375pt x 811.03pt>
File: ch4_TXeco/figs/TXeco_fig5_SEM.png Graphic file (type png)
<use ch4_TXeco/figs/TXeco_fig5_SEM.png>
Package pdftex.def Info: ch4_TXeco/figs/TXeco_fig5_SEM.png  used on input line 722.
(pdftex.def)             Requested size: 509.05945pt x 283.86475pt.
 [101 <./ch4_TXeco/figs/TXeco_fig5_SEM.png>]

Package hyperref Warning: Token not allowed in a PDF string (Unicode):
(hyperref)                removing `math shift' on input line 733.


Package hyperref Warning: Token not allowed in a PDF string (Unicode):
(hyperref)                removing `subscript' on input line 733.


Package hyperref Warning: Token not allowed in a PDF string (Unicode):
(hyperref)                removing `subscript' on input line 733.


Package hyperref Warning: Token not allowed in a PDF string (Unicode):
(hyperref)                removing `math shift' on input line 733.


Package hyperref Warning: Token not allowed in a PDF string (Unicode):
(hyperref)                removing `math shift' on input line 733.


Package hyperref Warning: Token not allowed in a PDF string (Unicode):
(hyperref)                removing `subscript' on input line 733.


Package hyperref Warning: Token not allowed in a PDF string (Unicode):
(hyperref)                removing `math shift' on input line 733.


Package hyperref Warning: Token not allowed in a PDF string (Unicode):
(hyperref)                removing `math shift' on input line 733.


Package hyperref Warning: Token not allowed in a PDF string (Unicode):
(hyperref)                removing `subscript' on input line 733.


Package hyperref Warning: Token not allowed in a PDF string (Unicode):
(hyperref)                removing `math shift' on input line 733.


Package hyperref Warning: Token not allowed in a PDF string (Unicode):
(hyperref)                removing `math shift' on input line 733.


Package hyperref Warning: Token not allowed in a PDF string (Unicode):
(hyperref)                removing `subscript' on input line 733.


Package hyperref Warning: Token not allowed in a PDF string (Unicode):
(hyperref)                removing `math shift' on input line 733.

[102




] [103]

Package hyperref Warning: Token not allowed in a PDF string (Unicode):
(hyperref)                removing `math shift' on input line 740.


Package hyperref Warning: Token not allowed in a PDF string (Unicode):
(hyperref)                removing `subscript' on input line 740.


Package hyperref Warning: Token not allowed in a PDF string (Unicode):
(hyperref)                removing `math shift' on input line 740.

[104]

Package hyperref Warning: Token not allowed in a PDF string (Unicode):
(hyperref)                removing `math shift' on input line 745.


Package hyperref Warning: Token not allowed in a PDF string (Unicode):
(hyperref)                removing `subscript' on input line 745.


Package hyperref Warning: Token not allowed in a PDF string (Unicode):
(hyperref)                removing `math shift' on input line 745.

[105]

Package hyperref Warning: Token not allowed in a PDF string (Unicode):
(hyperref)                removing `math shift' on input line 750.


Package hyperref Warning: Token not allowed in a PDF string (Unicode):
(hyperref)                removing `subscript' on input line 750.


Package hyperref Warning: Token not allowed in a PDF string (Unicode):
(hyperref)                removing `math shift' on input line 750.


Package hyperref Warning: Token not allowed in a PDF string (Unicode):
(hyperref)                removing `math shift' on input line 750.


Package hyperref Warning: Token not allowed in a PDF string (Unicode):
(hyperref)                removing `subscript' on input line 750.


Package hyperref Warning: Token not allowed in a PDF string (Unicode):
(hyperref)                removing `subscript' on input line 750.


Package hyperref Warning: Token not allowed in a PDF string (Unicode):
(hyperref)                removing `math shift' on input line 750.


Package hyperref Warning: Token not allowed in a PDF string (Unicode):
(hyperref)                removing `math shift' on input line 750.


Package hyperref Warning: Token not allowed in a PDF string (Unicode):
(hyperref)                removing `\beta' on input line 750.


Package hyperref Warning: Token not allowed in a PDF string (Unicode):
(hyperref)                removing `math shift' on input line 750.


Package hyperref Warning: Token not allowed in a PDF string (Unicode):
(hyperref)                removing `math shift' on input line 755.


Package hyperref Warning: Token not allowed in a PDF string (Unicode):
(hyperref)                removing `\beta' on input line 755.


Package hyperref Warning: Token not allowed in a PDF string (Unicode):
(hyperref)                removing `math shift' on input line 755.


Package hyperref Warning: Token not allowed in a PDF string (Unicode):
(hyperref)                removing `math shift' on input line 755.


Package hyperref Warning: Token not allowed in a PDF string (Unicode):
(hyperref)                removing `subscript' on input line 755.


Package hyperref Warning: Token not allowed in a PDF string (Unicode):
(hyperref)                removing `subscript' on input line 755.


Package hyperref Warning: Token not allowed in a PDF string (Unicode):
(hyperref)                removing `math shift' on input line 755.


Package hyperref Warning: Token not allowed in a PDF string (Unicode):
(hyperref)                removing `math shift' on input line 755.


Package hyperref Warning: Token not allowed in a PDF string (Unicode):
(hyperref)                removing `subscript' on input line 755.


Package hyperref Warning: Token not allowed in a PDF string (Unicode):
(hyperref)                removing `math shift' on input line 755.

[106] [107] [108]) [109] (./ch5_NxCO2xI/ch5_NxCO2xI_main.tex
Chapter 5.

Package hyperref Warning: Token not allowed in a PDF string (Unicode):
(hyperref)                removing `math shift' on input line 2.


Package hyperref Warning: Token not allowed in a PDF string (Unicode):
(hyperref)                removing `subscript' on input line 2.


Package hyperref Warning: Token not allowed in a PDF string (Unicode):
(hyperref)                removing `math shift' on input line 2.

[110



] [111] [112] [113] [114] [115] [116] [117] [118] [119] [120]

Package hyperref Warning: Token not allowed in a PDF string (Unicode):
(hyperref)                removing `\mathsurround' on input line 55.


Package hyperref Warning: Token not allowed in a PDF string (Unicode):
(hyperref)                removing `\z@' on input line 55.


Package hyperref Warning: Token not allowed in a PDF string (Unicode):
(hyperref)                removing `subscript' on input line 55.

[121] [122] [123] [124] [125] [126] [127] [128] [129] [130

]
<ch5_NxCO2xI/figs/NxCO2xI_fig1_leafN.png, id=2634, 7227.0pt x 4818.0pt>
File: ch5_NxCO2xI/figs/NxCO2xI_fig1_leafN.png Graphic file (type png)
<use ch5_NxCO2xI/figs/NxCO2xI_fig1_leafN.png>
Package pdftex.def Info: ch5_NxCO2xI/figs/NxCO2xI_fig1_leafN.png  used on input line 270.
(pdftex.def)             Requested size: 451.6864pt x 301.12427pt.
 [131 <./ch5_NxCO2xI/figs/NxCO2xI_fig1_leafN.png>] [132





] [133] [134

]
<ch5_NxCO2xI/figs/NxCO2xI_fig2_photo.png, id=2674, 7227.0pt x 7227.0pt>
File: ch5_NxCO2xI/figs/NxCO2xI_fig2_photo.png Graphic file (type png)
<use ch5_NxCO2xI/figs/NxCO2xI_fig2_photo.png>
Package pdftex.def Info: ch5_NxCO2xI/figs/NxCO2xI_fig2_photo.png  used on input line 429.
(pdftex.def)             Requested size: 411.9874pt x 411.9874pt.
 [135 <./ch5_NxCO2xI/figs/NxCO2xI_fig2_photo.png>] [136



] [137] [138

]
<ch5_NxCO2xI/figs/NxCO2xI_fig3_propN.png, id=2716, 7227.0pt x 2409.0pt>
File: ch5_NxCO2xI/figs/NxCO2xI_fig3_propN.png Graphic file (type png)
<use ch5_NxCO2xI/figs/NxCO2xI_fig3_propN.png>
Package pdftex.def Info: ch5_NxCO2xI/figs/NxCO2xI_fig3_propN.png  used on input line 584.
(pdftex.def)             Requested size: 542.00162pt x 180.6672pt.
 [139 <./ch5_NxCO2xI/figs/NxCO2xI_fig3_propN.png>] [140





] [141]
Underfull \hbox (badness 10000) in paragraph at lines 727--727
[]\T1/lmr/m/n/12 N fer-til-iza-tion
 []

[142

]
<ch5_NxCO2xI/figs/NxCO2xI_fig4_wholePlant.png, id=2747, 5582.8575pt x 4786.88374pt>
File: ch5_NxCO2xI/figs/NxCO2xI_fig4_wholePlant.png Graphic file (type png)
<use ch5_NxCO2xI/figs/NxCO2xI_fig4_wholePlant.png>
Package pdftex.def Info: ch5_NxCO2xI/figs/NxCO2xI_fig4_wholePlant.png  used on input line 739.
(pdftex.def)             Requested size: 413.15907pt x 354.25307pt.
 [143 <./ch5_NxCO2xI/figs/NxCO2xI_fig4_wholePlant.png>] [144



] [145] [146

]
<ch5_NxCO2xI/figs/NxCO2xI_fig5_nFix.png, id=2789, 5606.9475pt x 4804.95125pt>
File: ch5_NxCO2xI/figs/NxCO2xI_fig5_nFix.png Graphic file (type png)
<use ch5_NxCO2xI/figs/NxCO2xI_fig5_nFix.png>
Package pdftex.def Info: ch5_NxCO2xI/figs/NxCO2xI_fig5_nFix.png  used on input line 834.
(pdftex.def)             Requested size: 414.94185pt x 355.59016pt.
 [147 <./ch5_NxCO2xI/figs/NxCO2xI_fig5_nFix.png>] [148



]

Package hyperref Warning: Token not allowed in a PDF string (Unicode):
(hyperref)                removing `math shift' on input line 843.


Package hyperref Warning: Token not allowed in a PDF string (Unicode):
(hyperref)                removing `subscript' on input line 843.


Package hyperref Warning: Token not allowed in a PDF string (Unicode):
(hyperref)                removing `math shift' on input line 843.

[149] [150] [151] [152] [153] [154] [155]) [156] (./ch6_conclusions/ch6_conclusions_main.tex [157]
Chapter 6.
[158

] [159]) [160] (./Perkowski_dissertation_main_v1.0.bbl [161


] [162] [163] [164] [165] [166] [167] [168] [169] [170] [171] [172] [173]
Underfull \hbox (badness 1910) in paragraph at lines 700--708
[]\T1/lmr/m/n/12 Harrison, S. P., W. Cramer, O. Franklin, I. C. Pren-tice, H. Wang,
 []

[174] [175] [176] [177] [178] [179] [180] [181]
Underfull \hbox (badness 1194) in paragraph at lines 1093--1098
[]\T1/lmr/m/n/12 Meyerholt, J., S. Za-ehle, and M. J. Smith (2016). Vari-abil-ity of pro-
 []

[182] [183] [184] [185] [186] [187] [188] [189] [190] [191] [192] [193] [194] [195] [196]) [197] (./Perkowski_dissertation_main_v1.0.aux (./ch4_TXeco/ch4_TXeco_main.aux))
Package rerunfilecheck Info: File `Perkowski_dissertation_main_v1.0.out' has not changed.
(rerunfilecheck)             Checksum: DABE7342B9C7B74F813C79088FFECD15;22994.
 ) 
Here is how much of TeX's memory you used:
 15502 strings out of 478268
 269214 string characters out of 5846347
 599400 words of memory out of 5000000
 32767 multiletter control sequences out of 15000+600000
 522736 words of font info for 66 fonts, out of 8000000 for 9000
 1141 hyphenation exceptions out of 8191
 68i,17n,77p,3129b,459s stack positions out of 10000i,1000n,20000p,200000b,200000s
{/usr/local/texlive/2022/texmf-dist/fonts/enc/dvips/lm/lm-mathex.enc}{/usr/local/texlive/2022/texmf-dist/fonts/enc/dvips/lm/lm-mathsy.enc}{/usr/local/texlive/2022/texmf-dist/fonts/enc/dvips/lm/lm-mathit.enc}{/usr/local/texlive/2022/texmf-dist/fonts/enc/dvips/lm/lm-rm.enc}{/usr/local/texlive/2022/texmf-dist/fonts/enc/dvips/lm/lm-ec.enc}{/usr/local/texlive/2022/texmf-dist/fonts/enc/dvips/lm/lm-ts1.enc}</usr/local/texlive/2022/texmf-dist/fonts/type1/public/lm/lmbx12.pfb></usr/local/texlive/2022/texmf-dist/fonts/type1/public/lm/lmbx8.pfb></usr/local/texlive/2022/texmf-dist/fonts/type1/public/lm/lmex10.pfb></usr/local/texlive/2022/texmf-dist/fonts/type1/public/lm/lmmi12.pfb></usr/local/texlive/2022/texmf-dist/fonts/type1/public/lm/lmmi6.pfb></usr/local/texlive/2022/texmf-dist/fonts/type1/public/lm/lmmi8.pfb></usr/local/texlive/2022/texmf-dist/fonts/type1/public/lm/lmr10.pfb></usr/local/texlive/2022/texmf-dist/fonts/type1/public/lm/lmr12.pfb></usr/local/texlive/2022/texmf-dist/fonts/type1/public/lm/lmr6.pfb></usr/local/texlive/2022/texmf-dist/fonts/type1/public/lm/lmr8.pfb></usr/local/texlive/2022/texmf-dist/fonts/type1/public/lm/lmri10.pfb></usr/local/texlive/2022/texmf-dist/fonts/type1/public/lm/lmri12.pfb></usr/local/texlive/2022/texmf-dist/fonts/type1/public/lm/lmri8.pfb></usr/local/texlive/2022/texmf-dist/fonts/type1/public/lm/lmsy10.pfb></usr/local/texlive/2022/texmf-dist/fonts/type1/public/lm/lmsy6.pfb></usr/local/texlive/2022/texmf-dist/fonts/type1/public/lm/lmsy8.pfb>
Output written on Perkowski_dissertation_main_v1.0.pdf (210 pages, 44560095 bytes).
PDF statistics:
 3292 PDF objects out of 3580 (max. 8388607)
 2968 compressed objects within 30 object streams
 611 named destinations out of 1000 (max. 500000)
 835 words of extra memory for PDF output out of 10000 (max. 10000000)

