\BOOKMARK [0][-]{chapter*.1}{\376\377\000A\000c\000k\000n\000o\000w\000l\000e\000d\000g\000e\000m\000e\000n\000t\000s}{}% 1
\BOOKMARK [0][-]{chapter*.3}{\376\377\000A\000b\000s\000t\000r\000a\000c\000t}{}% 2
\BOOKMARK [0][-]{chapter*.4}{\376\377\000L\000i\000s\000t\000\040\000o\000f\000\040\000T\000a\000b\000l\000e\000s}{}% 3
\BOOKMARK [0][-]{chapter*.5}{\376\377\000L\000i\000s\000t\000\040\000o\000f\000\040\000F\000i\000g\000u\000r\000e\000s}{}% 4
\BOOKMARK [0][-]{chapter.1}{\376\377\0001\000.\000\040\000I\000n\000t\000r\000o\000d\000u\000c\000t\000i\000o\000n}{}% 5
\BOOKMARK [0][-]{chapter.2}{\376\377\0002\000.\000\040\000S\000t\000r\000u\000c\000t\000u\000r\000a\000l\000\040\000c\000a\000r\000b\000o\000n\000\040\000c\000o\000s\000t\000s\000\040\000t\000o\000\040\000a\000c\000q\000u\000i\000r\000e\000\040\000n\000i\000t\000r\000o\000g\000e\000n\000\040\000a\000r\000e\000\040\000d\000e\000t\000e\000r\000m\000i\000n\000e\000d\000\040\000b\000y\000\040\000n\000i\000t\000r\000o\000g\000e\000n\000\040\000a\000n\000d\000\040\000l\000i\000g\000h\000t\000\040\000a\000v\000a\000i\000l\000a\000b\000i\000l\000i\000t\000y\000\040\000i\000n\000\040\000t\000w\000o\000\040\000s\000p\000e\000c\000i\000e\000s\000\040\000w\000i\000t\000h\000\040\000d\000i\000f\000f\000e\000r\000e\000n\000t\000\040\000n\000i\000t\000r\000o\000g\000e\000n\000\040\000a\000c\000q\000u\000i\000s\000i\000t\000i\000o\000n\000\040\000s\000t\000r\000a\000t\000e\000g\000i\000e\000s}{}% 6
\BOOKMARK [1][-]{section.2.1}{\376\377\000I\000n\000t\000r\000o\000d\000u\000c\000t\000i\000o\000n}{chapter.2}% 7
\BOOKMARK [1][-]{section.2.2}{\376\377\000M\000e\000t\000h\000o\000d\000s}{chapter.2}% 8
\BOOKMARK [2][-]{subsection.2.2.1}{\376\377\000E\000x\000p\000e\000r\000i\000m\000e\000n\000t\000\040\000s\000e\000t\000u\000p}{section.2.2}% 9
\BOOKMARK [2][-]{subsection.2.2.2}{\376\377\000P\000l\000a\000n\000t\000\040\000m\000e\000a\000s\000u\000r\000e\000m\000e\000n\000t\000s\000\040\000a\000n\000d\000\040\000c\000a\000l\000c\000u\000l\000a\000t\000i\000o\000n\000s}{section.2.2}% 10
\BOOKMARK [2][-]{subsection.2.2.3}{\376\377\000S\000t\000a\000t\000i\000s\000t\000i\000c\000a\000l\000\040\000a\000n\000a\000l\000y\000s\000e\000s}{section.2.2}% 11
\BOOKMARK [1][-]{section.2.3}{\376\377\000R\000e\000s\000u\000l\000t\000s}{chapter.2}% 12
\BOOKMARK [2][-]{subsection.2.3.1}{\376\377\000C\000a\000r\000b\000o\000n\000\040\000c\000o\000s\000t\000s\000\040\000t\000o\000\040\000a\000c\000q\000u\000i\000r\000e\000\040\000n\000i\000t\000r\000o\000g\000e\000n}{section.2.3}% 13
\BOOKMARK [2][-]{subsection.2.3.2}{\376\377\000W\000h\000o\000l\000e\000\040\000p\000l\000a\000n\000t\000\040\000n\000i\000t\000r\000o\000g\000e\000n\000\040\000b\000i\000o\000m\000a\000s\000s}{section.2.3}% 14
\BOOKMARK [2][-]{subsection.2.3.3}{\376\377\000R\000o\000o\000t\000\040\000c\000a\000r\000b\000o\000n\000\040\000b\000i\000o\000m\000a\000s\000s}{section.2.3}% 15
\BOOKMARK [2][-]{subsection.2.3.4}{\376\377\000R\000o\000o\000t\000\040\000n\000o\000d\000u\000l\000e\000\040\000b\000i\000o\000m\000a\000s\000s}{section.2.3}% 16
\BOOKMARK [1][-]{section.2.4}{\376\377\000D\000i\000s\000c\000u\000s\000s\000i\000o\000n}{chapter.2}% 17
\BOOKMARK [0][-]{chapter.3}{\376\377\0003\000.\000\040\000S\000o\000i\000l\000\040\000n\000i\000t\000r\000o\000g\000e\000n\000\040\000a\000v\000a\000i\000l\000a\000b\000i\000l\000i\000t\000y\000\040\000m\000o\000d\000i\000f\000i\000e\000s\000\040\000l\000e\000a\000f\000\040\000n\000i\000t\000r\000o\000g\000e\000n\000\040\000e\000c\000o\000n\000o\000m\000i\000e\000s\000\040\000i\000n\000\040\000m\000a\000t\000u\000r\000e\000\040\000t\000e\000m\000p\000e\000r\000a\000t\000e\000\040\000d\000e\000c\000i\000d\000u\000o\000u\000s\000\040\000f\000o\000r\000e\000s\000t\000s\000:\000\040\000a\000\040\000d\000i\000r\000e\000c\000t\000\040\000t\000e\000s\000t\000\040\000o\000f\000\040\000p\000h\000o\000t\000o\000s\000y\000n\000t\000h\000e\000t\000i\000c\000\040\000l\000e\000a\000s\000t\000-\000c\000o\000s\000t\000\040\000t\000h\000e\000o\000r\000y}{}% 18
\BOOKMARK [1][-]{section.3.1}{\376\377\000I\000n\000t\000r\000o\000d\000u\000c\000t\000i\000o\000n}{chapter.3}% 19
\BOOKMARK [1][-]{section.3.2}{\376\377\000M\000e\000t\000h\000o\000d\000s}{chapter.3}% 20
\BOOKMARK [1][-]{section.3.3}{\376\377\000R\000e\000s\000u\000l\000t\000s}{chapter.3}% 21
\BOOKMARK [0][-]{chapter.4}{\376\377\0004\000.\000\040\000C\000o\000n\000c\000l\000u\000s\000i\000o\000n\000s}{}% 22
\BOOKMARK [0][-]{chapter.4}{\376\377\000R\000e\000f\000e\000r\000e\000n\000c\000e\000s}{}% 23
